2023-05-18 14:05:652 INFO  HomePage :29 - Mousehover on Buy and Sell :[[ChromeDriver: chrome on WINDOWS (29e73893834ab2307d436add6ef1a607)] -> xpath: //a[normalize-space()='buy + sell']]
2023-05-18 14:05:283 INFO  HomePage :33 - Click on search car link :[[ChromeDriver: chrome on WINDOWS (29e73893834ab2307d436add6ef1a607)] -> xpath: //a[normalize-space()='Search Cars']]
2023-05-18 14:05:887 INFO  NewUsedCarPage :42 - Select make  :[[ChromeDriver: chrome on WINDOWS (29e73893834ab2307d436add6ef1a607)] -> xpath: //select[@id='makes']]
2023-05-18 14:05:186 INFO  NewUsedCarPage :46 - Select model  :[[ChromeDriver: chrome on WINDOWS (29e73893834ab2307d436add6ef1a607)] -> xpath: //select[@id='models']]
2023-05-18 14:05:472 INFO  NewUsedCarPage :50 - Select location  :[[ChromeDriver: chrome on WINDOWS (29e73893834ab2307d436add6ef1a607)] -> xpath: //select[@id='locations']]
2023-05-18 14:05:724 INFO  NewUsedCarPage :54 - Select price  :[[ChromeDriver: chrome on WINDOWS (29e73893834ab2307d436add6ef1a607)] -> xpath: //select[@id='priceTo']]
2023-05-18 14:05:480 INFO  NewUsedCarPage :58 - Click on find my next car search button :[[ChromeDriver: chrome on WINDOWS (29e73893834ab2307d436add6ef1a607)] -> xpath: //input[@id='search-submit']]
2023-05-18 14:05:589 INFO  NewUsedCarPage :62 - Verify the result :[[ChromeDriver: chrome on WINDOWS (29e73893834ab2307d436add6ef1a607)] -> xpath: //h1[@class='listing-search-title']]
2023-05-18 14:05:852 INFO  HomePage :29 - Mousehover on Buy and Sell :[[ChromeDriver: chrome on WINDOWS (2b9cb0e1b55f73773a2a2760e56333ef)] -> xpath: //a[normalize-space()='buy + sell']]
2023-05-18 14:05:735 INFO  HomePage :33 - Click on search car link :[[ChromeDriver: chrome on WINDOWS (2b9cb0e1b55f73773a2a2760e56333ef)] -> xpath: //a[normalize-space()='Search Cars']]
2023-05-18 14:05:335 INFO  NewUsedCarPage :42 - Select make  :[[ChromeDriver: chrome on WINDOWS (2b9cb0e1b55f73773a2a2760e56333ef)] -> xpath: //select[@id='makes']]
2023-05-18 14:05:613 INFO  NewUsedCarPage :46 - Select model  :[[ChromeDriver: chrome on WINDOWS (2b9cb0e1b55f73773a2a2760e56333ef)] -> xpath: //select[@id='models']]
2023-05-18 14:05:866 INFO  NewUsedCarPage :50 - Select location  :[[ChromeDriver: chrome on WINDOWS (2b9cb0e1b55f73773a2a2760e56333ef)] -> xpath: //select[@id='locations']]
2023-05-18 14:05:159 INFO  NewUsedCarPage :54 - Select price  :[[ChromeDriver: chrome on WINDOWS (2b9cb0e1b55f73773a2a2760e56333ef)] -> xpath: //select[@id='priceTo']]
2023-05-18 14:05:09 INFO  NewUsedCarPage :58 - Click on find my next car search button :[[ChromeDriver: chrome on WINDOWS (2b9cb0e1b55f73773a2a2760e56333ef)] -> xpath: //input[@id='search-submit']]
2023-05-18 14:05:154 INFO  NewUsedCarPage :62 - Verify the result :[[ChromeDriver: chrome on WINDOWS (2b9cb0e1b55f73773a2a2760e56333ef)] -> xpath: //h1[@class='listing-search-title']]
2023-05-18 14:05:357 INFO  HomePage :29 - Mousehover on Buy and Sell :[[ChromeDriver: chrome on WINDOWS (20533601f68b2e5140565b98c2567838)] -> xpath: //a[normalize-space()='buy + sell']]
2023-05-18 14:05:137 INFO  HomePage :33 - Click on search car link :[[ChromeDriver: chrome on WINDOWS (20533601f68b2e5140565b98c2567838)] -> xpath: //a[normalize-space()='Search Cars']]
2023-05-18 14:05:599 INFO  NewUsedCarPage :42 - Select make  :[[ChromeDriver: chrome on WINDOWS (20533601f68b2e5140565b98c2567838)] -> xpath: //select[@id='makes']]
2023-05-18 14:05:929 INFO  NewUsedCarPage :46 - Select model  :[[ChromeDriver: chrome on WINDOWS (20533601f68b2e5140565b98c2567838)] -> xpath: //select[@id='models']]
2023-05-18 14:05:199 INFO  NewUsedCarPage :50 - Select location  :[[ChromeDriver: chrome on WINDOWS (20533601f68b2e5140565b98c2567838)] -> xpath: //select[@id='locations']]
2023-05-18 14:05:435 INFO  NewUsedCarPage :54 - Select price  :[[ChromeDriver: chrome on WINDOWS (20533601f68b2e5140565b98c2567838)] -> xpath: //select[@id='priceTo']]
2023-05-18 14:05:944 INFO  NewUsedCarPage :58 - Click on find my next car search button :[[ChromeDriver: chrome on WINDOWS (20533601f68b2e5140565b98c2567838)] -> xpath: //input[@id='search-submit']]
2023-05-18 14:05:293 INFO  NewUsedCarPage :62 - Verify the result :[[ChromeDriver: chrome on WINDOWS (20533601f68b2e5140565b98c2567838)] -> xpath: //h1[@class='listing-search-title']]
2023-05-18 14:05:646 INFO  HomePage :29 - Mousehover on Buy and Sell :[[ChromeDriver: chrome on WINDOWS (3ac7ea40faa073f8884ab34489f5d10f)] -> xpath: //a[normalize-space()='buy + sell']]
2023-05-18 14:05:483 INFO  HomePage :33 - Click on search car link :[[ChromeDriver: chrome on WINDOWS (3ac7ea40faa073f8884ab34489f5d10f)] -> xpath: //a[normalize-space()='Search Cars']]
2023-05-18 14:05:147 INFO  NewUsedCarPage :42 - Select make  :[[ChromeDriver: chrome on WINDOWS (3ac7ea40faa073f8884ab34489f5d10f)] -> xpath: //select[@id='makes']]
2023-05-18 14:05:415 INFO  NewUsedCarPage :46 - Select model  :[[ChromeDriver: chrome on WINDOWS (3ac7ea40faa073f8884ab34489f5d10f)] -> xpath: //select[@id='models']]
2023-05-18 14:05:671 INFO  NewUsedCarPage :50 - Select location  :[[ChromeDriver: chrome on WINDOWS (3ac7ea40faa073f8884ab34489f5d10f)] -> xpath: //select[@id='locations']]
2023-05-18 14:05:901 INFO  NewUsedCarPage :54 - Select price  :[[ChromeDriver: chrome on WINDOWS (3ac7ea40faa073f8884ab34489f5d10f)] -> xpath: //select[@id='priceTo']]
2023-05-18 14:05:907 INFO  NewUsedCarPage :58 - Click on find my next car search button :[[ChromeDriver: chrome on WINDOWS (3ac7ea40faa073f8884ab34489f5d10f)] -> xpath: //input[@id='search-submit']]
2023-05-18 14:05:973 INFO  NewUsedCarPage :62 - Verify the result :[[ChromeDriver: chrome on WINDOWS (3ac7ea40faa073f8884ab34489f5d10f)] -> xpath: //h1[@class='listing-search-title']]
2023-05-18 14:05:481 INFO  HomePage :29 - Mousehover on Buy and Sell :[[ChromeDriver: chrome on WINDOWS (c6dd738fd3f5ebad58db1944b97b9c30)] -> xpath: //a[normalize-space()='buy + sell']]
2023-05-18 14:05:660 INFO  HomePage :33 - Click on search car link :[[ChromeDriver: chrome on WINDOWS (c6dd738fd3f5ebad58db1944b97b9c30)] -> xpath: //a[normalize-space()='Search Cars']]
2023-05-18 14:05:120 INFO  NewUsedCarPage :42 - Select make  :[[ChromeDriver: chrome on WINDOWS (c6dd738fd3f5ebad58db1944b97b9c30)] -> xpath: //select[@id='makes']]
2023-05-18 14:05:433 INFO  NewUsedCarPage :46 - Select model  :[[ChromeDriver: chrome on WINDOWS (c6dd738fd3f5ebad58db1944b97b9c30)] -> xpath: //select[@id='models']]
2023-05-18 14:05:694 INFO  NewUsedCarPage :50 - Select location  :[[ChromeDriver: chrome on WINDOWS (c6dd738fd3f5ebad58db1944b97b9c30)] -> xpath: //select[@id='locations']]
2023-05-18 14:05:930 INFO  NewUsedCarPage :54 - Select price  :[[ChromeDriver: chrome on WINDOWS (c6dd738fd3f5ebad58db1944b97b9c30)] -> xpath: //select[@id='priceTo']]
2023-05-18 14:05:701 INFO  NewUsedCarPage :58 - Click on find my next car search button :[[ChromeDriver: chrome on WINDOWS (c6dd738fd3f5ebad58db1944b97b9c30)] -> xpath: //input[@id='search-submit']]
2023-05-18 14:05:997 INFO  NewUsedCarPage :62 - Verify the result :[[ChromeDriver: chrome on WINDOWS (c6dd738fd3f5ebad58db1944b97b9c30)] -> xpath: //h1[@class='listing-search-title']]
2023-05-18 15:05:431 INFO  HomePage :29 - Mousehover on Buy and Sell :[[ChromeDriver: chrome on WINDOWS (fd27838b2f232d46b62b2bb2e8542c1b)] -> xpath: //a[normalize-space()='buy + sell']]
2023-05-18 15:05:03 INFO  HomePage :33 - Click on search car link :[[ChromeDriver: chrome on WINDOWS (fd27838b2f232d46b62b2bb2e8542c1b)] -> xpath: //a[normalize-space()='Search Cars']]
2023-05-18 15:05:702 INFO  NewUsedCarPage :42 - Select make  :[[ChromeDriver: chrome on WINDOWS (fd27838b2f232d46b62b2bb2e8542c1b)] -> xpath: //select[@id='makes']]
2023-05-18 15:05:984 INFO  NewUsedCarPage :46 - Select model  :[[ChromeDriver: chrome on WINDOWS (fd27838b2f232d46b62b2bb2e8542c1b)] -> xpath: //select[@id='models']]
2023-05-18 15:05:286 INFO  NewUsedCarPage :50 - Select location  :[[ChromeDriver: chrome on WINDOWS (fd27838b2f232d46b62b2bb2e8542c1b)] -> xpath: //select[@id='locations']]
2023-05-18 15:05:541 INFO  NewUsedCarPage :54 - Select price  :[[ChromeDriver: chrome on WINDOWS (fd27838b2f232d46b62b2bb2e8542c1b)] -> xpath: //select[@id='priceTo']]
2023-05-18 15:05:48 INFO  NewUsedCarPage :58 - Click on find my next car search button :[[ChromeDriver: chrome on WINDOWS (fd27838b2f232d46b62b2bb2e8542c1b)] -> xpath: //input[@id='search-submit']]
2023-05-18 15:05:156 INFO  NewUsedCarPage :62 - Verify the result :[[ChromeDriver: chrome on WINDOWS (fd27838b2f232d46b62b2bb2e8542c1b)] -> xpath: //h1[@class='listing-search-title']]
